0 info it worked if it ends with ok
1 verbose cli [
1 verbose cli   '/usr/local/Cellar/node/14.3.0_1/bin/node',
1 verbose cli   '/usr/local/bin/npm',
1 verbose cli   'run',
1 verbose cli   'build'
1 verbose cli ]
2 info using npm@6.14.4
3 info using node@v14.3.0
4 verbose run-script [ 'prebuild', 'build', 'postbuild' ]
5 info lifecycle dawn-app@0.1.0~prebuild: dawn-app@0.1.0
6 info lifecycle dawn-app@0.1.0~build: dawn-app@0.1.0
7 verbose lifecycle dawn-app@0.1.0~build: unsafe-perm in lifecycle true
8 verbose lifecycle dawn-app@0.1.0~build: PATH: /usr/local/lib/node_modules/npm/node_modules/npm-lifecycle/node-gyp-bin:/Users/dawnxchen/dawn-app/node_modules/.bin:/Library/Java/JavaVirtualMachines/adoptopenjdk-8.jdk/Contents/Home/bin:/Users/dawnxchen/Downloads/apache-maven-3.6.3/bin:/Users/dawnxchen/bin:/Users/dawnxchen/bin:/Users/dawnxchen/bin:/Users/dawnxchen/bin:/Users/dawnxchen/bin:/usr/local/git/current/bin:/usr/local/bin:/usr/bin:/bin:/usr/local/sbin:/usr/sbin:/sbin:/opt/X11/bin
9 verbose lifecycle dawn-app@0.1.0~build: CWD: /Users/dawnxchen/dawn-app
10 silly lifecycle dawn-app@0.1.0~build: Args: [ '-c', 'react-scripts build' ]
11 silly lifecycle dawn-app@0.1.0~build: Returned: code: 1  signal: null
12 info lifecycle dawn-app@0.1.0~build: Failed to exec build script
13 verbose stack Error: dawn-app@0.1.0 build: `react-scripts build`
13 verbose stack Exit status 1
13 verbose stack     at EventEmitter.<anonymous> (/usr/local/lib/node_modules/npm/node_modules/npm-lifecycle/index.js:332:16)
13 verbose stack     at EventEmitter.emit (events.js:315:20)
13 verbose stack     at ChildProcess.<anonymous> (/usr/local/lib/node_modules/npm/node_modules/npm-lifecycle/lib/spawn.js:55:14)
13 verbose stack     at ChildProcess.emit (events.js:315:20)
13 verbose stack     at maybeClose (internal/child_process.js:1051:16)
13 verbose stack     at Process.ChildProcess._handle.onexit (internal/child_process.js:287:5)
14 verbose pkgid dawn-app@0.1.0
15 verbose cwd /Users/dawnxchen/dawn-app
16 verbose Darwin 19.5.0
17 verbose argv "/usr/local/Cellar/node/14.3.0_1/bin/node" "/usr/local/bin/npm" "run" "build"
18 verbose node v14.3.0
19 verbose npm  v6.14.4
20 error code ELIFECYCLE
21 error errno 1
22 error dawn-app@0.1.0 build: `react-scripts build`
22 error Exit status 1
23 error Failed at the dawn-app@0.1.0 build script.
23 error This is probably not a problem with npm. There is likely additional logging output above.
24 verbose exit [ 1, true ]
